<?xml version="1.0" encoding="UTF-8"?>
<!-- Generated by org.testng.reporters.JUnitXMLReporter -->
<testsuite hostname="PC0641" ignored="0" name="Test" tests="3" failures="0" timestamp="14 Sep 2020 11:53:10 GMT" time="37.554" errors="0">
  <testcase name="test1_AdminLogin" time="18.865" classname="testPackageLogin.LoginTest"/>
  <testcase name="test2_CreateCustomer" time="13.022" classname="testPackageLogin.LoginTest"/>
  <testcase name="test3_AdminLogout" time="5.598" classname="testPackageLogin.LoginTest"/>
</testsuite> <!-- Test -->
