<?xml version="1.0" encoding="UTF-8"?>
<testng-results skipped="0" failed="0" ignored="0" total="3" passed="3">
  <reporter-output>
  </reporter-output>
  <suite name="Suite" duration-ms="50526" started-at="2020-09-15T12:55:18Z" finished-at="2020-09-15T12:56:08Z">
    <groups>
    </groups>
    <test name="Test" duration-ms="50526" started-at="2020-09-15T12:55:18Z" finished-at="2020-09-15T12:56:08Z">
      <class name="testPackageLogin.LoginTest">
        <test-method status="PASS" signature="test1_AdminLogin()[pri:0, instance:testPackageLogin.LoginTest@42e26948]" name="test1_AdminLogin" duration-ms="31158" started-at="2020-09-15T12:55:18Z" finished-at="2020-09-15T12:55:49Z">
          <reporter-output>
          </reporter-output>
        </test-method> <!-- test1_AdminLogin -->
        <test-method status="PASS" signature="test2_CreateCustomer()[pri:0, instance:testPackageLogin.LoginTest@42e26948]" name="test2_CreateCustomer" duration-ms="13706" started-at="2020-09-15T12:55:49Z" finished-at="2020-09-15T12:56:03Z">
          <reporter-output>
          </reporter-output>
        </test-method> <!-- test2_CreateCustomer -->
        <test-method status="PASS" signature="test3_AdminLogout()[pri:0, instance:testPackageLogin.LoginTest@42e26948]" name="test3_AdminLogout" duration-ms="5624" started-at="2020-09-15T12:56:03Z" finished-at="2020-09-15T12:56:08Z">
          <reporter-output>
          </reporter-output>
        </test-method> <!-- test3_AdminLogout -->
      </class> <!-- testPackageLogin.LoginTest -->
    </test> <!-- Test -->
  </suite> <!-- Suite -->
</testng-results>
